<?xml version="1.0" encoding="UTF-8"?>
<testsuite xmlns:xsi="http://www.w3.org/2001/XMLSchema-instance" xsi:noNamespaceSchemaLocation="https://maven.apache.org/surefire/maven-surefire-plugin/xsd/surefire-test-report.xsd" name="com.sample.runners.CukesRunner" time="22.23" tests="16" errors="0" skipped="0" failures="0">
  <properties>
    <property name="awt.toolkit" value="sun.lwawt.macosx.LWCToolkit"/>
    <property name="java.specification.version" value="12"/>
    <property name="sun.jnu.encoding" value="UTF-8"/>
    <property name="java.class.path" value="/Users/yasinyilmaz/IdeaProjects/sample_project/target/test-classes:/Users/yasinyilmaz/IdeaProjects/sample_project/target/classes:/Users/yasinyilmaz/.m2/repository/org/seleniumhq/selenium/selenium-java/3.141.59/selenium-java-3.141.59.jar:/Users/yasinyilmaz/.m2/repository/org/seleniumhq/selenium/selenium-api/3.141.59/selenium-api-3.141.59.jar:/Users/yasinyilmaz/.m2/repository/org/seleniumhq/selenium/selenium-chrome-driver/3.141.59/selenium-chrome-driver-3.141.59.jar:/Users/yasinyilmaz/.m2/repository/org/seleniumhq/selenium/selenium-edge-driver/3.141.59/selenium-edge-driver-3.141.59.jar:/Users/yasinyilmaz/.m2/repository/org/seleniumhq/selenium/selenium-firefox-driver/3.141.59/selenium-firefox-driver-3.141.59.jar:/Users/yasinyilmaz/.m2/repository/org/seleniumhq/selenium/selenium-ie-driver/3.141.59/selenium-ie-driver-3.141.59.jar:/Users/yasinyilmaz/.m2/repository/org/seleniumhq/selenium/selenium-opera-driver/3.141.59/selenium-opera-driver-3.141.59.jar:/Users/yasinyilmaz/.m2/repository/org/seleniumhq/selenium/selenium-remote-driver/3.141.59/selenium-remote-driver-3.141.59.jar:/Users/yasinyilmaz/.m2/repository/org/seleniumhq/selenium/selenium-safari-driver/3.141.59/selenium-safari-driver-3.141.59.jar:/Users/yasinyilmaz/.m2/repository/org/seleniumhq/selenium/selenium-support/3.141.59/selenium-support-3.141.59.jar:/Users/yasinyilmaz/.m2/repository/net/bytebuddy/byte-buddy/1.8.15/byte-buddy-1.8.15.jar:/Users/yasinyilmaz/.m2/repository/org/apache/commons/commons-exec/1.3/commons-exec-1.3.jar:/Users/yasinyilmaz/.m2/repository/com/google/guava/guava/25.0-jre/guava-25.0-jre.jar:/Users/yasinyilmaz/.m2/repository/com/google/code/findbugs/jsr305/1.3.9/jsr305-1.3.9.jar:/Users/yasinyilmaz/.m2/repository/org/checkerframework/checker-compat-qual/2.0.0/checker-compat-qual-2.0.0.jar:/Users/yasinyilmaz/.m2/repository/com/google/errorprone/error_prone_annotations/2.1.3/error_prone_annotations-2.1.3.jar:/Users/yasinyilmaz/.m2/repository/com/google/j2objc/j2objc-annotations/1.1/j2objc-annotations-1.1.jar:/Users/yasinyilmaz/.m2/repository/org/codehaus/mojo/animal-sniffer-annotations/1.14/animal-sniffer-annotations-1.14.jar:/Users/yasinyilmaz/.m2/repository/com/squareup/okhttp3/okhttp/3.11.0/okhttp-3.11.0.jar:/Users/yasinyilmaz/.m2/repository/com/squareup/okio/okio/1.14.0/okio-1.14.0.jar:/Users/yasinyilmaz/.m2/repository/io/github/bonigarcia/webdrivermanager/3.8.0/webdrivermanager-3.8.0.jar:/Users/yasinyilmaz/.m2/repository/org/slf4j/slf4j-api/1.7.25/slf4j-api-1.7.25.jar:/Users/yasinyilmaz/.m2/repository/commons-io/commons-io/2.6/commons-io-2.6.jar:/Users/yasinyilmaz/.m2/repository/org/apache/commons/commons-lang3/3.8.1/commons-lang3-3.8.1.jar:/Users/yasinyilmaz/.m2/repository/org/apache/httpcomponents/httpclient/4.5.6/httpclient-4.5.6.jar:/Users/yasinyilmaz/.m2/repository/org/apache/httpcomponents/httpcore/4.4.10/httpcore-4.4.10.jar:/Users/yasinyilmaz/.m2/repository/commons-logging/commons-logging/1.2/commons-logging-1.2.jar:/Users/yasinyilmaz/.m2/repository/commons-codec/commons-codec/1.10/commons-codec-1.10.jar:/Users/yasinyilmaz/.m2/repository/org/rauschig/jarchivelib/1.0.0/jarchivelib-1.0.0.jar:/Users/yasinyilmaz/.m2/repository/org/apache/commons/commons-compress/1.18/commons-compress-1.18.jar:/Users/yasinyilmaz/.m2/repository/org/jsoup/jsoup/1.11.3/jsoup-1.11.3.jar:/Users/yasinyilmaz/.m2/repository/log4j/log4j/1.2.17/log4j-1.2.17.jar:/Users/yasinyilmaz/.m2/repository/io/cucumber/cucumber-junit/4.8.1/cucumber-junit-4.8.1.jar:/Users/yasinyilmaz/.m2/repository/org/apiguardian/apiguardian-api/1.1.0/apiguardian-api-1.1.0.jar:/Users/yasinyilmaz/.m2/repository/io/cucumber/cucumber-core/4.8.1/cucumber-core-4.8.1.jar:/Users/yasinyilmaz/.m2/repository/io/cucumber/gherkin/5.1.0/gherkin-5.1.0.jar:/Users/yasinyilmaz/.m2/repository/io/cucumber/tag-expressions/1.1.1/tag-expressions-1.1.1.jar:/Users/yasinyilmaz/.m2/repository/io/cucumber/cucumber-expressions/7.0.2/cucumber-expressions-7.0.2.jar:/Users/yasinyilmaz/.m2/repository/io/cucumber/datatable/1.1.14/datatable-1.1.14.jar:/Users/yasinyilmaz/.m2/repository/io/cucumber/datatable-dependencies/1.1.14/datatable-dependencies-1.1.14.jar:/Users/yasinyilmaz/.m2/repository/junit/junit/4.12/junit-4.12.jar:/Users/yasinyilmaz/.m2/repository/org/hamcrest/hamcrest-core/1.3/hamcrest-core-1.3.jar:/Users/yasinyilmaz/.m2/repository/io/cucumber/cucumber-java/4.8.1/cucumber-java-4.8.1.jar:/Users/yasinyilmaz/.m2/repository/io/rest-assured/rest-assured/4.3.0/rest-assured-4.3.0.jar:/Users/yasinyilmaz/.m2/repository/org/codehaus/groovy/groovy/3.0.2/groovy-3.0.2.jar:/Users/yasinyilmaz/.m2/repository/org/codehaus/groovy/groovy-xml/3.0.2/groovy-xml-3.0.2.jar:/Users/yasinyilmaz/.m2/repository/org/apache/httpcomponents/httpmime/4.5.3/httpmime-4.5.3.jar:/Users/yasinyilmaz/.m2/repository/org/hamcrest/hamcrest/2.1/hamcrest-2.1.jar:/Users/yasinyilmaz/.m2/repository/org/ccil/cowan/tagsoup/tagsoup/1.2.1/tagsoup-1.2.1.jar:/Users/yasinyilmaz/.m2/repository/io/rest-assured/json-path/4.3.0/json-path-4.3.0.jar:/Users/yasinyilmaz/.m2/repository/org/codehaus/groovy/groovy-json/3.0.2/groovy-json-3.0.2.jar:/Users/yasinyilmaz/.m2/repository/io/rest-assured/rest-assured-common/4.3.0/rest-assured-common-4.3.0.jar:/Users/yasinyilmaz/.m2/repository/io/rest-assured/xml-path/4.3.0/xml-path-4.3.0.jar:/Users/yasinyilmaz/.m2/repository/jakarta/xml/bind/jakarta.xml.bind-api/2.3.2/jakarta.xml.bind-api-2.3.2.jar:/Users/yasinyilmaz/.m2/repository/jakarta/activation/jakarta.activation-api/1.2.1/jakarta.activation-api-1.2.1.jar:/Users/yasinyilmaz/.m2/repository/com/sun/xml/bind/jaxb-osgi/2.3.0.1/jaxb-osgi-2.3.0.1.jar:/Users/yasinyilmaz/.m2/repository/org/apache/sling/org.apache.sling.javax.activation/0.1.0/org.apache.sling.javax.activation-0.1.0.jar:/Users/yasinyilmaz/.m2/repository/javax/activation/activation/1.1.1/activation-1.1.1.jar:/Users/yasinyilmaz/.m2/repository/io/rest-assured/json-schema-validator/4.3.0/json-schema-validator-4.3.0.jar:/Users/yasinyilmaz/.m2/repository/com/github/java-json-tools/json-schema-validator/2.2.10/json-schema-validator-2.2.10.jar:/Users/yasinyilmaz/.m2/repository/com/github/java-json-tools/json-schema-core/1.2.10/json-schema-core-1.2.10.jar:/Users/yasinyilmaz/.m2/repository/com/github/java-json-tools/jackson-coreutils/1.9/jackson-coreutils-1.9.jar:/Users/yasinyilmaz/.m2/repository/com/fasterxml/jackson/core/jackson-databind/2.2.3/jackson-databind-2.2.3.jar:/Users/yasinyilmaz/.m2/repository/com/fasterxml/jackson/core/jackson-annotations/2.2.3/jackson-annotations-2.2.3.jar:/Users/yasinyilmaz/.m2/repository/com/fasterxml/jackson/core/jackson-core/2.2.3/jackson-core-2.2.3.jar:/Users/yasinyilmaz/.m2/repository/com/github/fge/msg-simple/1.1/msg-simple-1.1.jar:/Users/yasinyilmaz/.m2/repository/com/github/fge/btf/1.2/btf-1.2.jar:/Users/yasinyilmaz/.m2/repository/com/github/fge/uri-template/0.9/uri-template-0.9.jar:/Users/yasinyilmaz/.m2/repository/org/mozilla/rhino/1.7.7.1/rhino-1.7.7.1.jar:/Users/yasinyilmaz/.m2/repository/javax/mail/mailapi/1.4.3/mailapi-1.4.3.jar:/Users/yasinyilmaz/.m2/repository/joda-time/joda-time/2.9.7/joda-time-2.9.7.jar:/Users/yasinyilmaz/.m2/repository/com/googlecode/libphonenumber/libphonenumber/8.0.0/libphonenumber-8.0.0.jar:/Users/yasinyilmaz/.m2/repository/net/sf/jopt-simple/jopt-simple/5.0.3/jopt-simple-5.0.3.jar:/Users/yasinyilmaz/.m2/repository/com/google/code/gson/gson/2.8.6/gson-2.8.6.jar:"/>
    <property name="java.vm.vendor" value="Oracle Corporation"/>
    <property name="sun.arch.data.model" value="64"/>
    <property name="java.vendor.url" value="https://java.oracle.com/"/>
    <property name="os.name" value="Mac OS X"/>
    <property name="java.vm.specification.version" value="12"/>
    <property name="sun.java.launcher" value="SUN_STANDARD"/>
    <property name="user.country" value="NL"/>
    <property name="sun.boot.library.path" value="/Library/Java/JavaVirtualMachines/jdk-12.0.2.jdk/Contents/Home/lib"/>
    <property name="sun.java.command" value="/Users/yasinyilmaz/IdeaProjects/sample_project/target/surefire/surefirebooter16252134551132505819.jar /Users/yasinyilmaz/IdeaProjects/sample_project/target/surefire 2020-11-19T11-51-56_635-jvmRun1 surefire17474438057454035755tmp surefire_0469531366608219605tmp"/>
    <property name="http.nonProxyHosts" value="local|*.local|169.254/16|*.169.254/16"/>
    <property name="jdk.debug" value="release"/>
    <property name="surefire.test.class.path" value="/Users/yasinyilmaz/IdeaProjects/sample_project/target/test-classes:/Users/yasinyilmaz/IdeaProjects/sample_project/target/classes:/Users/yasinyilmaz/.m2/repository/org/seleniumhq/selenium/selenium-java/3.141.59/selenium-java-3.141.59.jar:/Users/yasinyilmaz/.m2/repository/org/seleniumhq/selenium/selenium-api/3.141.59/selenium-api-3.141.59.jar:/Users/yasinyilmaz/.m2/repository/org/seleniumhq/selenium/selenium-chrome-driver/3.141.59/selenium-chrome-driver-3.141.59.jar:/Users/yasinyilmaz/.m2/repository/org/seleniumhq/selenium/selenium-edge-driver/3.141.59/selenium-edge-driver-3.141.59.jar:/Users/yasinyilmaz/.m2/repository/org/seleniumhq/selenium/selenium-firefox-driver/3.141.59/selenium-firefox-driver-3.141.59.jar:/Users/yasinyilmaz/.m2/repository/org/seleniumhq/selenium/selenium-ie-driver/3.141.59/selenium-ie-driver-3.141.59.jar:/Users/yasinyilmaz/.m2/repository/org/seleniumhq/selenium/selenium-opera-driver/3.141.59/selenium-opera-driver-3.141.59.jar:/Users/yasinyilmaz/.m2/repository/org/seleniumhq/selenium/selenium-remote-driver/3.141.59/selenium-remote-driver-3.141.59.jar:/Users/yasinyilmaz/.m2/repository/org/seleniumhq/selenium/selenium-safari-driver/3.141.59/selenium-safari-driver-3.141.59.jar:/Users/yasinyilmaz/.m2/repository/org/seleniumhq/selenium/selenium-support/3.141.59/selenium-support-3.141.59.jar:/Users/yasinyilmaz/.m2/repository/net/bytebuddy/byte-buddy/1.8.15/byte-buddy-1.8.15.jar:/Users/yasinyilmaz/.m2/repository/org/apache/commons/commons-exec/1.3/commons-exec-1.3.jar:/Users/yasinyilmaz/.m2/repository/com/google/guava/guava/25.0-jre/guava-25.0-jre.jar:/Users/yasinyilmaz/.m2/repository/com/google/code/findbugs/jsr305/1.3.9/jsr305-1.3.9.jar:/Users/yasinyilmaz/.m2/repository/org/checkerframework/checker-compat-qual/2.0.0/checker-compat-qual-2.0.0.jar:/Users/yasinyilmaz/.m2/repository/com/google/errorprone/error_prone_annotations/2.1.3/error_prone_annotations-2.1.3.jar:/Users/yasinyilmaz/.m2/repository/com/google/j2objc/j2objc-annotations/1.1/j2objc-annotations-1.1.jar:/Users/yasinyilmaz/.m2/repository/org/codehaus/mojo/animal-sniffer-annotations/1.14/animal-sniffer-annotations-1.14.jar:/Users/yasinyilmaz/.m2/repository/com/squareup/okhttp3/okhttp/3.11.0/okhttp-3.11.0.jar:/Users/yasinyilmaz/.m2/repository/com/squareup/okio/okio/1.14.0/okio-1.14.0.jar:/Users/yasinyilmaz/.m2/repository/io/github/bonigarcia/webdrivermanager/3.8.0/webdrivermanager-3.8.0.jar:/Users/yasinyilmaz/.m2/repository/org/slf4j/slf4j-api/1.7.25/slf4j-api-1.7.25.jar:/Users/yasinyilmaz/.m2/repository/commons-io/commons-io/2.6/commons-io-2.6.jar:/Users/yasinyilmaz/.m2/repository/org/apache/commons/commons-lang3/3.8.1/commons-lang3-3.8.1.jar:/Users/yasinyilmaz/.m2/repository/org/apache/httpcomponents/httpclient/4.5.6/httpclient-4.5.6.jar:/Users/yasinyilmaz/.m2/repository/org/apache/httpcomponents/httpcore/4.4.10/httpcore-4.4.10.jar:/Users/yasinyilmaz/.m2/repository/commons-logging/commons-logging/1.2/commons-logging-1.2.jar:/Users/yasinyilmaz/.m2/repository/commons-codec/commons-codec/1.10/commons-codec-1.10.jar:/Users/yasinyilmaz/.m2/repository/org/rauschig/jarchivelib/1.0.0/jarchivelib-1.0.0.jar:/Users/yasinyilmaz/.m2/repository/org/apache/commons/commons-compress/1.18/commons-compress-1.18.jar:/Users/yasinyilmaz/.m2/repository/org/jsoup/jsoup/1.11.3/jsoup-1.11.3.jar:/Users/yasinyilmaz/.m2/repository/log4j/log4j/1.2.17/log4j-1.2.17.jar:/Users/yasinyilmaz/.m2/repository/io/cucumber/cucumber-junit/4.8.1/cucumber-junit-4.8.1.jar:/Users/yasinyilmaz/.m2/repository/org/apiguardian/apiguardian-api/1.1.0/apiguardian-api-1.1.0.jar:/Users/yasinyilmaz/.m2/repository/io/cucumber/cucumber-core/4.8.1/cucumber-core-4.8.1.jar:/Users/yasinyilmaz/.m2/repository/io/cucumber/gherkin/5.1.0/gherkin-5.1.0.jar:/Users/yasinyilmaz/.m2/repository/io/cucumber/tag-expressions/1.1.1/tag-expressions-1.1.1.jar:/Users/yasinyilmaz/.m2/repository/io/cucumber/cucumber-expressions/7.0.2/cucumber-expressions-7.0.2.jar:/Users/yasinyilmaz/.m2/repository/io/cucumber/datatable/1.1.14/datatable-1.1.14.jar:/Users/yasinyilmaz/.m2/repository/io/cucumber/datatable-dependencies/1.1.14/datatable-dependencies-1.1.14.jar:/Users/yasinyilmaz/.m2/repository/junit/junit/4.12/junit-4.12.jar:/Users/yasinyilmaz/.m2/repository/org/hamcrest/hamcrest-core/1.3/hamcrest-core-1.3.jar:/Users/yasinyilmaz/.m2/repository/io/cucumber/cucumber-java/4.8.1/cucumber-java-4.8.1.jar:/Users/yasinyilmaz/.m2/repository/io/rest-assured/rest-assured/4.3.0/rest-assured-4.3.0.jar:/Users/yasinyilmaz/.m2/repository/org/codehaus/groovy/groovy/3.0.2/groovy-3.0.2.jar:/Users/yasinyilmaz/.m2/repository/org/codehaus/groovy/groovy-xml/3.0.2/groovy-xml-3.0.2.jar:/Users/yasinyilmaz/.m2/repository/org/apache/httpcomponents/httpmime/4.5.3/httpmime-4.5.3.jar:/Users/yasinyilmaz/.m2/repository/org/hamcrest/hamcrest/2.1/hamcrest-2.1.jar:/Users/yasinyilmaz/.m2/repository/org/ccil/cowan/tagsoup/tagsoup/1.2.1/tagsoup-1.2.1.jar:/Users/yasinyilmaz/.m2/repository/io/rest-assured/json-path/4.3.0/json-path-4.3.0.jar:/Users/yasinyilmaz/.m2/repository/org/codehaus/groovy/groovy-json/3.0.2/groovy-json-3.0.2.jar:/Users/yasinyilmaz/.m2/repository/io/rest-assured/rest-assured-common/4.3.0/rest-assured-common-4.3.0.jar:/Users/yasinyilmaz/.m2/repository/io/rest-assured/xml-path/4.3.0/xml-path-4.3.0.jar:/Users/yasinyilmaz/.m2/repository/jakarta/xml/bind/jakarta.xml.bind-api/2.3.2/jakarta.xml.bind-api-2.3.2.jar:/Users/yasinyilmaz/.m2/repository/jakarta/activation/jakarta.activation-api/1.2.1/jakarta.activation-api-1.2.1.jar:/Users/yasinyilmaz/.m2/repository/com/sun/xml/bind/jaxb-osgi/2.3.0.1/jaxb-osgi-2.3.0.1.jar:/Users/yasinyilmaz/.m2/repository/org/apache/sling/org.apache.sling.javax.activation/0.1.0/org.apache.sling.javax.activation-0.1.0.jar:/Users/yasinyilmaz/.m2/repository/javax/activation/activation/1.1.1/activation-1.1.1.jar:/Users/yasinyilmaz/.m2/repository/io/rest-assured/json-schema-validator/4.3.0/json-schema-validator-4.3.0.jar:/Users/yasinyilmaz/.m2/repository/com/github/java-json-tools/json-schema-validator/2.2.10/json-schema-validator-2.2.10.jar:/Users/yasinyilmaz/.m2/repository/com/github/java-json-tools/json-schema-core/1.2.10/json-schema-core-1.2.10.jar:/Users/yasinyilmaz/.m2/repository/com/github/java-json-tools/jackson-coreutils/1.9/jackson-coreutils-1.9.jar:/Users/yasinyilmaz/.m2/repository/com/fasterxml/jackson/core/jackson-databind/2.2.3/jackson-databind-2.2.3.jar:/Users/yasinyilmaz/.m2/repository/com/fasterxml/jackson/core/jackson-annotations/2.2.3/jackson-annotations-2.2.3.jar:/Users/yasinyilmaz/.m2/repository/com/fasterxml/jackson/core/jackson-core/2.2.3/jackson-core-2.2.3.jar:/Users/yasinyilmaz/.m2/repository/com/github/fge/msg-simple/1.1/msg-simple-1.1.jar:/Users/yasinyilmaz/.m2/repository/com/github/fge/btf/1.2/btf-1.2.jar:/Users/yasinyilmaz/.m2/repository/com/github/fge/uri-template/0.9/uri-template-0.9.jar:/Users/yasinyilmaz/.m2/repository/org/mozilla/rhino/1.7.7.1/rhino-1.7.7.1.jar:/Users/yasinyilmaz/.m2/repository/javax/mail/mailapi/1.4.3/mailapi-1.4.3.jar:/Users/yasinyilmaz/.m2/repository/joda-time/joda-time/2.9.7/joda-time-2.9.7.jar:/Users/yasinyilmaz/.m2/repository/com/googlecode/libphonenumber/libphonenumber/8.0.0/libphonenumber-8.0.0.jar:/Users/yasinyilmaz/.m2/repository/net/sf/jopt-simple/jopt-simple/5.0.3/jopt-simple-5.0.3.jar:/Users/yasinyilmaz/.m2/repository/com/google/code/gson/gson/2.8.6/gson-2.8.6.jar:"/>
    <property name="sun.cpu.endian" value="little"/>
    <property name="user.home" value="/Users/yasinyilmaz"/>
    <property name="user.language" value="en"/>
    <property name="java.specification.vendor" value="Oracle Corporation"/>
    <property name="java.version.date" value="2019-07-16"/>
    <property name="java.home" value="/Library/Java/JavaVirtualMachines/jdk-12.0.2.jdk/Contents/Home"/>
    <property name="file.separator" value="/"/>
    <property name="basedir" value="/Users/yasinyilmaz/IdeaProjects/sample_project"/>
    <property name="java.vm.compressedOopsMode" value="Zero based"/>
    <property name="line.separator" value="&#10;"/>
    <property name="java.vm.specification.vendor" value="Oracle Corporation"/>
    <property name="java.specification.name" value="Java Platform API Specification"/>
    <property name="java.awt.graphicsenv" value="sun.awt.CGraphicsEnvironment"/>
    <property name="surefire.real.class.path" value="/Users/yasinyilmaz/IdeaProjects/sample_project/target/surefire/surefirebooter16252134551132505819.jar"/>
    <property name="sun.management.compiler" value="HotSpot 64-Bit Tiered Compilers"/>
    <property name="ftp.nonProxyHosts" value="local|*.local|169.254/16|*.169.254/16"/>
    <property name="java.runtime.version" value="12.0.2+10"/>
    <property name="user.name" value="yasinyilmaz"/>
    <property name="path.separator" value=":"/>
    <property name="os.version" value="10.15.7"/>
    <property name="java.runtime.name" value="Java(TM) SE Runtime Environment"/>
    <property name="file.encoding" value="US-ASCII"/>
    <property name="java.vm.name" value="Java HotSpot(TM) 64-Bit Server VM"/>
    <property name="localRepository" value="/Users/yasinyilmaz/.m2/repository"/>
    <property name="java.vendor.url.bug" value="https://bugreport.java.com/bugreport/"/>
    <property name="java.io.tmpdir" value="/var/folders/sx/n_3lgb2n737476dqdm89ny_00000gn/T/"/>
    <property name="java.version" value="12.0.2"/>
    <property name="user.dir" value="/Users/yasinyilmaz/IdeaProjects/sample_project"/>
    <property name="os.arch" value="x86_64"/>
    <property name="java.vm.specification.name" value="Java Virtual Machine Specification"/>
    <property name="idea.version2019.3.1" value="true"/>
    <property name="java.library.path" value="/Users/yasinyilmaz/Library/Java/Extensions:/Library/Java/Extensions:/Network/Library/Java/Extensions:/System/Library/Java/Extensions:/usr/lib/java:."/>
    <property name="java.vm.info" value="mixed mode, sharing"/>
    <property name="java.vendor" value="Oracle Corporation"/>
    <property name="java.vm.version" value="12.0.2+10"/>
    <property name="sun.io.unicode.encoding" value="UnicodeBig"/>
    <property name="socksNonProxyHosts" value="local|*.local|169.254/16|*.169.254/16"/>
    <property name="java.class.version" value="56.0"/>
  </properties>
  <testcase name="User should be able to create a pet by given information" classname="API Test" time="3.757"/>
  <testcase name="User should be able to create a pet by given information" classname="API Test" time="0.666"/>
  <testcase name="User should be able to create a pet by given information" classname="API Test" time="0.694"/>
  <testcase name="User should be able to reach pet information by id" classname="API Test" time="0.711"/>
  <testcase name="User should be able to reach pet information by id" classname="API Test" time="0.727"/>
  <testcase name="User should be able to reach pet information by id" classname="API Test" time="0.727"/>
  <testcase name="User should be able to find all pets by status" classname="API Test" time="0.714"/>
  <testcase name="User should be able to find all pets by status" classname="API Test" time="0.638"/>
  <testcase name="User should be able to find all pets by status" classname="API Test" time="0.692"/>
  <testcase name="User should be able to delete an existing pet with API key" classname="API Test" time="0.658"/>
  <testcase name="User should be able to delete an existing pet with API key" classname="API Test" time="0.769"/>
  <testcase name="User should be able to delete an existing pet with API key" classname="API Test" time="0.658"/>
  <testcase name="User should be able to place orders for a pet" classname="API Test" time="0.662"/>
  <testcase name="User should be able to place orders for a pet" classname="API Test" time="0.677"/>
  <testcase name="User should be able to place orders for a pet" classname="API Test" time="0.665"/>
  <testcase name="User lands the www.surepay.nl website, user should see the menu options" classname="Surepay UI Testing" time="7.946"/>
</testsuite>